2012-08-09 09:54:23,608 ERROR [org.eclipse.jdt.internal.ui.text.JavaReconciler] - System.err - java.util.ConcurrentModificationException
2012-08-09 09:54:23,608 ERROR [org.eclipse.jdt.internal.ui.text.JavaReconciler] - System.err - at java.util.ArrayList$Itr.checkForComodification(Unknown Source)
2012-08-09 09:54:23,608 ERROR [org.eclipse.jdt.internal.ui.text.JavaReconciler] - System.err - at java.util.ArrayList$Itr.next(Unknown Source)
2012-08-09 09:54:23,609 ERROR [org.eclipse.jdt.internal.ui.text.JavaReconciler] - System.err - at org.aspectj.weaver.World$TypeMap.demote(World.java:1081)
2012-08-09 09:54:23,609 ERROR [org.eclipse.jdt.internal.ui.text.JavaReconciler] - System.err - at org.aspectj.weaver.World$TypeMap.demote(World.java:1059)
2012-08-09 09:54:23,609 ERROR [org.eclipse.jdt.internal.ui.text.JavaReconciler] - System.err - at org.aspectj.weaver.World.demote(World.java:1765)
2012-08-09 09:54:23,609 ERROR [org.eclipse.jdt.internal.ui.text.JavaReconciler] - System.err - at org.aspectj.weaver.bcel.BcelWeaver.weave(BcelWeaver.java:1794)
2012-08-09 09:54:23,609 ERROR [org.eclipse.jdt.internal.ui.text.JavaReconciler] - System.err - at org.aspectj.weaver.bcel.BcelWeaver.weaveWithoutDump(BcelWeaver.java:1641)
2012-08-09 09:54:23,609 ERROR [org.eclipse.jdt.internal.ui.text.JavaReconciler] - System.err - at org.aspectj.weaver.bcel.BcelWeaver.weaveAndNotify(BcelWeaver.java:1404)
2012-08-09 09:54:23,609 ERROR [org.eclipse.jdt.internal.ui.text.JavaReconciler] - System.err - at org.aspectj.weaver.bcel.BcelWeaver.weave(BcelWeaver.java:1190)
2012-08-09 09:54:23,609 ERROR [org.eclipse.jdt.internal.ui.text.JavaReconciler] - System.err - at org.aspectj.weaver.tools.WeavingAdaptor.getWovenBytes(WeavingAdaptor.java:469)
2012-08-09 09:54:23,609 ERROR [org.eclipse.jdt.internal.ui.text.JavaReconciler] - System.err - at org.aspectj.weaver.tools.WeavingAdaptor.weaveClass(WeavingAdaptor.java:320)
2012-08-09 09:54:23,609 ERROR [org.eclipse.jdt.internal.ui.text.JavaReconciler] - System.err - at org.eclipse.equinox.weaving.aspectj.loadtime.OSGiWeavingAdaptor.weaveClass(OSGiWeavingAdaptor.java:121)
2012-08-09 09:54:23,609 ERROR [org.eclipse.jdt.internal.ui.text.JavaReconciler] - System.err - at org.eclipse.equinox.weaving.aspectj.AspectJWeavingService.preProcess(AspectJWeavingService.java:151)
2012-08-09 09:54:23,609 ERROR [org.eclipse.jdt.internal.ui.text.JavaReconciler] - System.err - at org.eclipse.equinox.weaving.adaptors.WeavingAdaptor.weaveClass(WeavingAdaptor.java:245)
2012-08-09 09:54:23,610 ERROR [org.eclipse.jdt.internal.ui.text.JavaReconciler] - System.err - at org.eclipse.equinox.weaving.hooks.WeavingHook.processClass(WeavingHook.java:126)
2012-08-09 09:54:23,610 ERROR [org.eclipse.jdt.internal.ui.text.JavaReconciler] - System.err - at org.eclipse.osgi.baseadaptor.loader.ClasspathManager.defineClass(ClasspathManager.java:575)
2012-08-09 09:54:23,610 ERROR [org.eclipse.jdt.internal.ui.text.JavaReconciler] - System.err - at org.eclipse.osgi.baseadaptor.loader.ClasspathManager.findClassImpl(ClasspathManager.java:550)
2012-08-09 09:54:23,610 ERROR [org.eclipse.jdt.internal.ui.text.JavaReconciler] - System.err - at org.eclipse.osgi.baseadaptor.loader.ClasspathManager.findLocalClassImpl(ClasspathManager.java:481)
2012-08-09 09:54:23,610 ERROR [org.eclipse.jdt.internal.ui.text.JavaReconciler] - System.err - at org.eclipse.osgi.baseadaptor.loader.ClasspathManager.findLocalClass_LockClassName(ClasspathManager.java:460)
2012-08-09 09:54:23,610 ERROR [org.eclipse.jdt.internal.ui.text.JavaReconciler] - System.err - at org.eclipse.osgi.baseadaptor.loader.ClasspathManager.findLocalClass(ClasspathManager.java:447)
2012-08-09 09:54:23,610 ERROR [org.eclipse.jdt.internal.ui.text.JavaReconciler] - System.err - at org.eclipse.osgi.internal.baseadaptor.DefaultClassLoader.findLocalClass(DefaultClassLoader.java:216)
2012-08-09 09:54:23,610 ERROR [org.eclipse.jdt.internal.ui.text.JavaReconciler] - System.err - at org.eclipse.osgi.internal.loader.BundleLoader.findLocalClass(BundleLoader.java:393)
2012-08-09 09:54:23,610 ERROR [org.eclipse.jdt.internal.ui.text.JavaReconciler] - System.err - at org.eclipse.osgi.internal.loader.BundleLoader.findClassInternal(BundleLoader.java:469)
2012-08-09 09:54:23,610 ERROR [org.eclipse.jdt.internal.ui.text.JavaReconciler] - System.err - at org.eclipse.osgi.internal.loader.BundleLoader.findClass(BundleLoader.java:422)
2012-08-09 09:54:23,610 ERROR [org.eclipse.jdt.internal.ui.text.JavaReconciler] - System.err - at org.eclipse.osgi.internal.loader.BundleLoader.findClass(BundleLoader.java:410)
2012-08-09 09:54:23,610 ERROR [org.eclipse.jdt.internal.ui.text.JavaReconciler] - System.err - at org.eclipse.osgi.internal.baseadaptor.DefaultClassLoader.loadClass(DefaultClassLoader.java:107)
2012-08-09 09:54:23,610 ERROR [org.eclipse.jdt.internal.ui.text.JavaReconciler] - System.err - at java.lang.ClassLoader.loadClass(Unknown Source)
2012-08-09 09:54:23,611 ERROR [org.eclipse.jdt.internal.ui.text.JavaReconciler] - System.err - at org.eclipse.jdt.internal.compiler.lookup.LookupEnvironment.buildTypeBindings(LookupEnvironment.java:152)
2012-08-09 09:54:23,611 ERROR [org.eclipse.jdt.internal.ui.text.JavaReconciler] - System.err - at org.eclipse.jdt.internal.compiler.Compiler.internalBeginToCompile(Compiler.java:717)
2012-08-09 09:54:23,611 ERROR [org.eclipse.jdt.internal.ui.text.JavaReconciler] - System.err - at org.eclipse.jdt.internal.compiler.Compiler.beginToCompile(Compiler.java:377)
2012-08-09 09:54:23,611 ERROR [org.eclipse.jdt.internal.ui.text.JavaReconciler] - System.err - at org.eclipse.jdt.internal.compiler.Compiler.resolve(Compiler.java:862)
2012-08-09 09:54:23,611 ERROR [org.eclipse.jdt.internal.ui.text.JavaReconciler] - System.err - at org.eclipse.jdt.internal.compiler.Compiler.resolve(Compiler.java:928)
2012-08-09 09:54:23,611 ERROR [org.eclipse.jdt.internal.ui.text.JavaReconciler] - System.err - at org.eclipse.jdt.internal.core.CompilationUnitProblemFinder.process_aroundBody0(CompilationUnitProblemFinder.java:189)
2012-08-09 09:54:23,611 ERROR [org.eclipse.jdt.internal.ui.text.JavaReconciler] - System.err - at org.eclipse.jdt.internal.core.CompilationUnitProblemFinder$AjcClosure1.run(CompilationUnitProblemFinder.java:1)
2012-08-09 09:54:23,611 ERROR [org.eclipse.jdt.internal.ui.text.JavaReconciler] - System.err - at scala.tools.eclipse.contribution.weaving.jdt.core.CompilationUnitProblemFinderAspect.ajc$around$scala_tools_eclipse_contribution_weaving_jdt_core_CompilationUnitProblemFinderAspect$1$3edd546aproceed(CompilationUnitProblemFinderAspect.aj:1)
2012-08-09 09:54:23,611 ERROR [org.eclipse.jdt.internal.ui.text.JavaReconciler] - System.err - at scala.tools.eclipse.contribution.weaving.jdt.core.CompilationUnitProblemFinderAspect.ajc$around$scala_tools_eclipse_contribution_weaving_jdt_core_CompilationUnitProblemFinderAspect$1$3edd546a(CompilationUnitProblemFinderAspect.aj:49)
2012-08-09 09:54:23,611 ERROR [org.eclipse.jdt.internal.ui.text.JavaReconciler] - System.err - at org.eclipse.jdt.internal.core.CompilationUnitProblemFinder.process(CompilationUnitProblemFinder.java:156)
2012-08-09 09:54:23,611 ERROR [org.eclipse.jdt.internal.ui.text.JavaReconciler] - System.err - at org.eclipse.jdt.internal.core.CompilationUnitProblemFinder.process(CompilationUnitProblemFinder.java:255)
2012-08-09 09:54:23,611 ERROR [org.eclipse.jdt.internal.ui.text.JavaReconciler] - System.err - at org.eclipse.jdt.internal.core.ReconcileWorkingCopyOperation.makeConsistent(ReconcileWorkingCopyOperation.java:190)
2012-08-09 09:54:23,611 ERROR [org.eclipse.jdt.internal.ui.text.JavaReconciler] - System.err - at org.eclipse.jdt.internal.core.ReconcileWorkingCopyOperation.executeOperation(ReconcileWorkingCopyOperation.java:89)
2012-08-09 09:54:23,611 ERROR [org.eclipse.jdt.internal.ui.text.JavaReconciler] - System.err - at org.eclipse.jdt.internal.core.JavaModelOperation.run(JavaModelOperation.java:728)
2012-08-09 09:54:23,611 ERROR [org.eclipse.jdt.internal.ui.text.JavaReconciler] - System.err - at org.eclipse.jdt.internal.core.JavaModelOperation.runOperation(JavaModelOperation.java:788)
2012-08-09 09:54:23,611 ERROR [org.eclipse.jdt.internal.ui.text.JavaReconciler] - System.err - at org.eclipse.jdt.internal.core.CompilationUnit.reconcile(CompilationUnit.java:1244)
2012-08-09 09:54:23,611 ERROR [org.eclipse.jdt.internal.ui.text.JavaReconciler] - System.err - at org.eclipse.jdt.internal.ui.text.java.JavaReconcilingStrategy.reconcile(JavaReconcilingStrategy.java:126)
2012-08-09 09:54:23,611 ERROR [org.eclipse.jdt.internal.ui.text.JavaReconciler] - System.err - at org.eclipse.jdt.internal.ui.text.java.JavaReconcilingStrategy.access$0(JavaReconcilingStrategy.java:108)
2012-08-09 09:54:23,611 ERROR [org.eclipse.jdt.internal.ui.text.JavaReconciler] - System.err - at org.eclipse.jdt.internal.ui.text.java.JavaReconcilingStrategy$1.run(JavaReconcilingStrategy.java:89)
2012-08-09 09:54:23,611 ERROR [org.eclipse.jdt.internal.ui.text.JavaReconciler] - System.err - at org.eclipse.core.runtime.SafeRunner.run(SafeRunner.java:42)
2012-08-09 09:54:23,611 ERROR [org.eclipse.jdt.internal.ui.text.JavaReconciler] - System.err - at org.eclipse.jdt.internal.ui.text.java.JavaReconcilingStrategy.reconcile(JavaReconcilingStrategy.java:87)
2012-08-09 09:54:23,612 ERROR [org.eclipse.jdt.internal.ui.text.JavaReconciler] - System.err - at org.eclipse.jdt.internal.ui.text.java.JavaReconcilingStrategy.initialReconcile(JavaReconcilingStrategy.java:178)
2012-08-09 09:54:23,612 ERROR [org.eclipse.jdt.internal.ui.text.JavaReconciler] - System.err - at org.eclipse.jdt.internal.ui.text.CompositeReconcilingStrategy.initialReconcile(CompositeReconcilingStrategy.java:114)
2012-08-09 09:54:23,612 ERROR [org.eclipse.jdt.internal.ui.text.JavaReconciler] - System.err - at org.eclipse.jdt.internal.ui.text.JavaCompositeReconcilingStrategy.initialReconcile(JavaCompositeReconcilingStrategy.java:133)
2012-08-09 09:54:23,612 ERROR [org.eclipse.jdt.internal.ui.text.JavaReconciler] - System.err - at org.eclipse.jface.text.reconciler.MonoReconciler.initialProcess(MonoReconciler.java:105)
2012-08-09 09:54:23,612 ERROR [org.eclipse.jdt.internal.ui.text.JavaReconciler] - System.err - at org.eclipse.jdt.internal.ui.text.JavaReconciler.initialProcess(JavaReconciler.java:398)
2012-08-09 09:54:23,612 ERROR [org.eclipse.jdt.internal.ui.text.JavaReconciler] - System.err - at org.eclipse.jface.text.reconciler.AbstractReconciler$BackgroundThread.run(AbstractReconciler.java:173)
